Arguments: 
  C:\nodejs\node.exe C:\nodejs\node_modules\yarn\bin\yarn.js add animated.css

PATH: 
  C:\Users\ASUS\bin;C:\Program Files\Git\mingw64\bin;C:\Program Files\Git\usr\local\bin;C:\Program Files\Git\usr\bin;C:\Program Files\Git\usr\bin;C:\Program Files\Git\mingw64\bin;C:\Program Files\Git\usr\bin;C:\Users\ASUS\bin;C:\php8;C:\WINDOWS\system32;C:\WINDOWS;C:\WINDOWS\System32\Wbem;C:\WINDOWS\System32\WindowsPowerShell\v1.0;C:\WINDOWS\System32\OpenSSH;C:\Program Files\Git\cmd;C:\Users\ASUS\AppData\Local\Programs\Python\Python38-32\Scripts;C:\Users\ASUS\AppData\Local\Programs\Python\Python38-32;C:\Users\ASUS\AppData\Local\Microsoft\WindowsApps;C:\Users\ASUS\AppData\Local\Programs\Microsoft VS Code\bin;C:\Users\ASUS\AppData\Local\atom\bin;C:\Users\ASUS\AppData\Local\Microsoft\WindowsApps;C:\ProgramData\ASUS\atom\bin;C:\nodejs;C:\nodejs\npm;C:\Program Files\Git\usr\bin\vendor_perl;C:\Program Files\Git\usr\bin\core_perl

Yarn version: 
  1.22.10

Node version: 
  16.0.0

Platform: 
  win32 x64

Trace: 
  Error: https://registry.yarnpkg.com/animated.css: Not found
      at Request.params.callback [as _callback] (C:\nodejs\node_modules\yarn\lib\cli.js:66988:18)
      at Request.self.callback (C:\nodejs\node_modules\yarn\lib\cli.js:140662:22)
      at Request.emit (node:events:365:28)
      at Request.<anonymous> (C:\nodejs\node_modules\yarn\lib\cli.js:141634:10)
      at Request.emit (node:events:365:28)
      at IncomingMessage.<anonymous> (C:\nodejs\node_modules\yarn\lib\cli.js:141556:12)
      at Object.onceWrapper (node:events:471:28)
      at IncomingMessage.emit (node:events:377:35)
      at endReadableNT (node:internal/streams/readable:1312:12)
      at processTicksAndRejections (node:internal/process/task_queues:83:21)

npm manifest: 
  No manifest

yarn manifest: 
  No manifest

Lockfile: 
  No lockfile
